<?xml version="1.0" encoding="UTF-8"?>
<!-- Generated by org.testng.reporters.JUnitReportReporter -->
<testsuite hostname="ShailiT" failures="0" tests="3" name="testcases.LoginTest" time="0.000" errors="0" timestamp="02 Jun. 2025 18:34:24 GMT" skipped="3">
  <testcase classname="testcases.LoginTest" name="loginPageTitleTest" time="0.000">
    <skipped/>
  </testcase> <!-- loginPageTitleTest -->
  <testcase classname="testcases.LoginTest" name="crmLogoImageTest" time="0.000">
    <skipped/>
  </testcase> <!-- crmLogoImageTest -->
  <testcase classname="testcases.LoginTest" name="loginTest" time="0.000">
    <skipped/>
  </testcase> <!-- loginTest -->
</testsuite> <!-- testcases.LoginTest -->
