<?xml version="1.0" encoding="UTF-8"?>
<!-- Generated by org.testng.reporters.JUnitReportReporter -->
<testsuite hostname="ShailiT" failures="0" tests="3" name="testcases.HomeTest" time="0.000" errors="0" timestamp="02 Jun. 2025 18:34:24 GMT" skipped="3">
  <testcase classname="testcases.HomeTest" name="verifyHomePageTitleTest" time="0.000">
    <skipped/>
  </testcase> <!-- verifyHomePageTitleTest -->
  <testcase classname="testcases.HomeTest" name="verifyUserNameTest" time="0.000">
    <skipped/>
  </testcase> <!-- verifyUserNameTest -->
  <testcase classname="testcases.HomeTest" name="verifyContactsLinkTest" time="0.000">
    <skipped/>
  </testcase> <!-- verifyContactsLinkTest -->
</testsuite> <!-- testcases.HomeTest -->
